<?xml version="1.0" encoding="UTF-8"?>
<!-- Generated by org.testng.reporters.JUnitXMLReporter -->
<testsuite ignored="0" hostname="Rishi" failures="0" tests="4" name="Default test" time="30.656" errors="0" timestamp="2025-12-31T17:00:10 IST">
  <testcase classname="Testng.DataProviders" name="Login" time="10.59"/>
  <testcase classname="Testng.DataProviders" name="Login" time="6.315"/>
  <testcase classname="Testng.DataProviders" name="Login" time="7.427"/>
  <testcase classname="Testng.DataProviders" name="Login" time="6.079"/>
</testsuite> <!-- Default test -->
