<?xml version="1.0" encoding="UTF-8"?>
<!-- Generated by org.testng.reporters.JUnitXMLReporter -->
<testsuite ignored="2" hostname="Rishi" failures="0" tests="1" name="linix firefox" time="13.626" errors="0" timestamp="2025-09-06T12:26:59 IST">
  <testcase classname="seleniumgrid.TestAutomationGrid" name="flipkart" time="5.726"/>
  <testcase classname="seleniumgrid.TestAutomationGrid" name="getOnChromeTest" time="0.0">
    <ignored/>
  </testcase> <!-- getOnChromeTest -->
  <testcase classname="seleniumgrid.TestAutomationGrid" name="flipkart1" time="0.0">
    <ignored/>
  </testcase> <!-- flipkart1 -->
</testsuite> <!-- linix firefox -->
