<?xml version="1.0" encoding="UTF-8"?>
<!-- Generated by org.testng.reporters.JUnitXMLReporter -->
<testsuite ignored="1" hostname="Rishi" failures="0" tests="2" name="Linux chrome" time="12.512" errors="0" timestamp="2025-09-06T12:26:58 IST">
  <testcase classname="seleniumgrid.TestAutomationGrid" name="getOnChromeTest" time="4.737"/>
  <testcase classname="seleniumgrid.TestAutomationGrid" name="flipkart1" time="4.231"/>
  <testcase classname="seleniumgrid.TestAutomationGrid" name="flipkart" time="0.0">
    <ignored/>
  </testcase> <!-- flipkart -->
</testsuite> <!-- Linux chrome -->
