<?xml version="1.0" encoding="UTF-8"?>
<!-- Generated by org.testng.reporters.JUnitXMLReporter -->
<testsuite ignored="0" hostname="DESKTOP-IDG9JK6" failures="0" tests="2" name="EdgeTest" time="0.772" errors="0" timestamp="2026-07-22T12:43:49 IST">
  <testcase classname="crossBrowser.CrossBrowserTest" name="launchCitiBank" time="0.0">
    <skipped/>
  </testcase> <!-- launchCitiBank -->
  <testcase classname="crossBrowser.CrossBrowserTest" name="launchCitiBank1" time="0.0">
    <skipped/>
  </testcase> <!-- launchCitiBank1 -->
</testsuite> <!-- EdgeTest -->
