<?xml version="1.0" encoding="UTF-8"?>
<!-- Generated by org.testng.reporters.JUnitXMLReporter -->
<testsuite ignored="0" hostname="Rishi" failures="1" tests="7" name="Test" time="0.307" errors="0" timestamp="2025-04-18T11:23:53 IST">
  <testcase classname="retryAnalyzer.TestRetry" name="Home" time="0.009"/>
  <testcase classname="retryAnalyzer.TestRetry" name="Logout" time="0.003">
    <skipped/>
  </testcase> <!-- Logout -->
  <testcase classname="retryAnalyzer.TestRetry" name="Logout" time="0.001">
    <skipped/>
  </testcase> <!-- Logout -->
  <testcase classname="retryAnalyzer.TestRetry" name="Logout" time="0.002">
    <skipped/>
  </testcase> <!-- Logout -->
  <testcase classname="retryAnalyzer.TestRetry" name="Logout" time="0.002">
    <failure type="java.lang.NullPointerException">
      <![CDATA[java.lang.NullPointerException
at retryAnalyzer.TestRetry.Logout(TestRetry.java:29)
at java.base/java.util.ArrayList.forEach(ArrayList.java:1541)
... Removed 27 stack frames]]>
    </failure>
  </testcase> <!-- Logout -->
  <testcase classname="retryAnalyzer.TestRetry" name="Search" time="0.012"/>
  <testcase classname="retryAnalyzer.TestRetry" name="login" time="0.005"/>
</testsuite> <!-- Test -->
