<?xml version="1.0" encoding="UTF-8"?>
<!-- Generated by org.testng.reporters.JUnitXMLReporter -->
<testsuite ignored="0" hostname="Rishi" failures="0" tests="2" name="FlipkartTest(failed)(failed)" time="0.237" errors="0" timestamp="2025-04-16T20:24:09 IST">
  <testcase classname="parallel.Flipkart" name="@BeforeMethod SetUp" time="-1.744815249624E9">
    <failure type="org.testng.TestNGException" message="
Parameter &amp;apos;browserName&amp;apos; is required by BeforeMethod on method SetUp but has not been marked @Optional or defined
in C:\Users\HP\eclipse-workspace\selenium\test-output\testng-failed.xml">
      <![CDATA[org.testng.TestNGException: 
Parameter 'browserName' is required by BeforeMethod on method SetUp but has not been marked @Optional or defined
in C:\Users\HP\eclipse-workspace\selenium\test-output\testng-failed.xml
at java.base/java.util.concurrent.Executors$RunnableAdapter.call(Executors.java:515)
at java.base/java.util.concurrent.FutureTask.run(FutureTask.java:264)
at java.base/java.util.concurrent.ThreadPoolExecutor.runWorker(ThreadPoolExecutor.java:1128)
at java.base/java.util.concurrent.ThreadPoolExecutor$Worker.run(ThreadPoolExecutor.java:628)
at java.base/java.lang.Thread.run(Thread.java:834)
... Removed 14 stack frames]]>
    </failure>
  </testcase> <!-- @BeforeMethod SetUp -->
  <testcase classname="parallel.Flipkart" name="@BeforeMethod SetUp" time="0.0">
    <skipped/>
  </testcase> <!-- @BeforeMethod SetUp -->
  <testcase classname="parallel.Flipkart" name="@AfterTest TearDown" time="0.0">
    <skipped/>
  </testcase> <!-- @AfterTest TearDown -->
  <testcase classname="parallel.Flipkart" name="FlipkartloginTitle" time="0.0">
    <skipped/>
  </testcase> <!-- FlipkartloginTitle -->
  <testcase classname="parallel.Flipkart" name="Flipkartlogin" time="0.0">
    <skipped/>
  </testcase> <!-- Flipkartlogin -->
</testsuite> <!-- FlipkartTest(failed)(failed) -->
