<?xml version="1.0" encoding="UTF-8"?>
<!-- Generated by org.testng.reporters.JUnitXMLReporter -->
<testsuite ignored="2" hostname="Rishi" failures="0" tests="0" time="0.15" errors="0" timestamp="2025-04-18T11:52:14 IST">
  <testcase classname="parallel.Amazon" name="@AfterTest TearDown" time="0.022">
    <failure type="java.lang.NullPointerException">
      <![CDATA[java.lang.NullPointerException
at parallel.Amazon.TearDown(Amazon.java:52)
... Removed 24 stack frames]]>
    </failure>
  </testcase> <!-- @AfterTest TearDown -->
  <testcase classname="parallel.Amazon" name="AmazonloginTitle" time="0.0">
    <ignored/>
  </testcase> <!-- AmazonloginTitle -->
  <testcase classname="parallel.Amazon" name="loginAmazon" time="0.0">
    <ignored/>
  </testcase> <!-- loginAmazon -->
</testsuite>
