<?xml version="1.0" encoding="UTF-8"?>
<!-- Generated by org.testng.reporters.JUnitXMLReporter -->
<testsuite ignored="0" hostname="Rishi" failures="0" tests="2" name="FlipkartTest" time="0.114" errors="0" timestamp="2025-04-18T11:52:14 IST">
  <testcase classname="parallel.Flipkart" name="Flipkartlogin" time="0.0">
    <skipped/>
  </testcase> <!-- Flipkartlogin -->
  <testcase classname="parallel.Flipkart" name="FlipkartloginTitle" time="0.0">
    <skipped/>
  </testcase> <!-- FlipkartloginTitle -->
</testsuite> <!-- FlipkartTest -->
