<?xml version="1.0" encoding="UTF-8"?>
<testng-results ignored="0" total="4" passed="4" failed="0" skipped="0">
  <reporter-output>
  </reporter-output>
  <suite started-at="2025-12-31T16:59:39 IST" name="Default suite" finished-at="2025-12-31T17:00:10 IST" duration-ms="30656">
    <groups>
    </groups>
    <test started-at="2025-12-31T16:59:39 IST" name="Default test" finished-at="2025-12-31T17:00:10 IST" duration-ms="30656">
      <class name="Testng.DataProviders">
        <test-method signature="Login(java.lang.String,java.lang.String)[pri:0, instance:Testng.DataProviders@7fd50002]" started-at="2025-12-31T16:59:39 IST" name="Login" data-provider="datasupply" finished-at="2025-12-31T16:59:50 IST" duration-ms="10590" status="PASS">
          <params>
            <param index="0">
              <value>
                <![CDATA[admin]]>
              </value>
            </param>
            <param index="1">
              <value>
                <![CDATA[admin123]]>
              </value>
            </param>
          </params>
          <reporter-output>
          </reporter-output>
        </test-method> <!-- Login -->
        <test-method signature="Login(java.lang.String,java.lang.String)[pri:0, instance:Testng.DataProviders@7fd50002]" started-at="2025-12-31T16:59:50 IST" name="Login" data-provider="datasupply" finished-at="2025-12-31T16:59:56 IST" duration-ms="6315" status="PASS">
          <params>
            <param index="0">
              <value>
                <![CDATA[admin]]>
              </value>
            </param>
            <param index="1">
              <value>
                <![CDATA[admin123]]>
              </value>
            </param>
          </params>
          <reporter-output>
          </reporter-output>
        </test-method> <!-- Login -->
        <test-method signature="Login(java.lang.String,java.lang.String)[pri:0, instance:Testng.DataProviders@7fd50002]" started-at="2025-12-31T16:59:56 IST" name="Login" data-provider="datasupply" finished-at="2025-12-31T17:00:04 IST" duration-ms="7427" status="PASS">
          <params>
            <param index="0">
              <value>
                <![CDATA[admin]]>
              </value>
            </param>
            <param index="1">
              <value>
                <![CDATA[admin123]]>
              </value>
            </param>
          </params>
          <reporter-output>
          </reporter-output>
        </test-method> <!-- Login -->
        <test-method signature="Login(java.lang.String,java.lang.String)[pri:0, instance:Testng.DataProviders@7fd50002]" started-at="2025-12-31T17:00:04 IST" name="Login" data-provider="datasupply" finished-at="2025-12-31T17:00:10 IST" duration-ms="6079" status="PASS">
          <params>
            <param index="0">
              <value>
                <![CDATA[admin]]>
              </value>
            </param>
            <param index="1">
              <value>
                <![CDATA[admin123]]>
              </value>
            </param>
          </params>
          <reporter-output>
          </reporter-output>
        </test-method> <!-- Login -->
      </class> <!-- Testng.DataProviders -->
    </test> <!-- Default test -->
  </suite> <!-- Default suite -->
</testng-results>
