<?xml version="1.0" encoding="UTF-8"?>
<!-- Generated by org.testng.reporters.JUnitReportReporter -->
<testsuite hostname="Rishi" failures="0" tests="4" name="parallel.Amazon" time="52.966" errors="0" timestamp="2025-06-24T18:32:54 IST" skipped="0">
  <testcase classname="parallel.Amazon" name="AmazonloginTitle" time="12.991"/>
  <testcase classname="parallel.Amazon" name="AmazonloginTitle" time="19.840"/>
  <testcase classname="parallel.Amazon" name="loginAmazon" time="8.224"/>
  <testcase classname="parallel.Amazon" name="loginAmazon" time="11.911"/>
</testsuite> <!-- parallel.Amazon -->
