<?xml version="1.0" encoding="UTF-8"?>
<!-- Generated by org.testng.reporters.JUnitReportReporter -->
<testsuite hostname="Rishi" failures="0" tests="5" name="selenium.LoginTest" time="78.464" errors="0" timestamp="2025-03-31T15:48:11 IST" skipped="0">
  <testcase classname="selenium.LoginTest" name="loginTest" time="16.137"/>
  <testcase classname="selenium.LoginTest" name="loginTest" time="16.111"/>
  <testcase classname="selenium.LoginTest" name="loginTest" time="14.199"/>
  <testcase classname="selenium.LoginTest" name="loginTest" time="13.855"/>
  <testcase classname="selenium.LoginTest" name="loginTest" time="18.162"/>
</testsuite> <!-- selenium.LoginTest -->
