<?xml version="1.0" encoding="UTF-8"?>
<!-- Generated by org.testng.reporters.JUnitReportReporter -->
<testsuite hostname="Rishi" failures="0" tests="4" name="Testng.DataProviders" time="30.411" errors="0" timestamp="2025-12-31T17:00:10 IST" skipped="0">
  <testcase classname="Testng.DataProviders" name="Login" time="7.427"/>
  <testcase classname="Testng.DataProviders" name="Login" time="6.315"/>
  <testcase classname="Testng.DataProviders" name="Login" time="10.590"/>
  <testcase classname="Testng.DataProviders" name="Login" time="6.079"/>
</testsuite> <!-- Testng.DataProviders -->
