<?xml version="1.0" encoding="UTF-8"?>
<!-- Generated by org.testng.reporters.JUnitReportReporter -->
<testsuite hostname="Rishi" failures="0" tests="3" name="seleniumgrid.TestAutomationGrid" time="14.694" errors="0" timestamp="2025-09-06T12:26:59 IST" skipped="0">
  <testcase classname="seleniumgrid.TestAutomationGrid" name="getOnChromeTest" time="4.737"/>
  <testcase classname="seleniumgrid.TestAutomationGrid" name="flipkart" time="5.726"/>
  <testcase classname="seleniumgrid.TestAutomationGrid" name="flipkart1" time="4.231"/>
</testsuite> <!-- seleniumgrid.TestAutomationGrid -->
