<?xml version="1.0" encoding="UTF-8"?>
<!-- Generated by org.testng.reporters.JUnitReportReporter -->
<testsuite hostname="Rishi" failures="0" tests="2" name="crossBrowser.CrossBrowserTest" time="24.547" errors="0" timestamp="2025-06-23T16:28:13 IST" skipped="0">
  <testcase classname="crossBrowser.CrossBrowserTest" name="launchCitiBank" time="12.080"/>
  <testcase classname="crossBrowser.CrossBrowserTest" name="launchCitiBank" time="12.467"/>
</testsuite> <!-- crossBrowser.CrossBrowserTest -->
