<?xml version="1.0" encoding="UTF-8"?>
<!-- Generated by org.testng.reporters.JUnitXMLReporter -->
<testsuite ignored="0" hostname="DESKTOP-IDG9JK6" failures="0" tests="2" name="Edge Test" time="0.338" errors="0" timestamp="2026-07-22T12:29:38 IST">
  <testcase classname="parallel.Amazon" name="AmazonloginTitle" time="0.0">
    <skipped/>
  </testcase> <!-- AmazonloginTitle -->
  <testcase classname="parallel.Amazon" name="loginAmazon" time="0.0">
    <skipped/>
  </testcase> <!-- loginAmazon -->
</testsuite> <!-- Edge Test -->
